<?xml version="1.0" encoding="UTF-8"?>
<robot generator="Robot 6.1.1 (Python 3.11.4 on win32)" generated="20230819 11:56:45.374" rpa="false" schemaversion="4">
<suite id="s1" name="Amazon Testes Gherkin Bdd" source="C:\Projetos\Robot\WebTesting\amazon_testes_gherkin_bdd.robot">
<test id="s1-t1" name="Caso de teste 02 - Pesquisa de um produto" line="22">
<kw name="Abrir o navegador" library="amazon.resources" type="SETUP">
<kw name="Open Browser" library="SeleniumLibrary">
<arg>browser=chrome</arg>
<doc>Opens a new browser instance to the optional ``url``.</doc>
<msg timestamp="20230819 11:56:45.500" level="INFO">Opening browser 'chrome' to base url 'None'.</msg>
<status status="PASS" starttime="20230819 11:56:45.500" endtime="20230819 11:56:46.711"/>
</kw>
<kw name="Maximize Browser Window" library="SeleniumLibrary">
<doc>Maximizes current browser window.</doc>
<status status="PASS" starttime="20230819 11:56:46.711" endtime="20230819 11:56:46.828"/>
</kw>
<status status="PASS" starttime="20230819 11:56:45.500" endtime="20230819 11:56:46.828"/>
</kw>
<kw name="Dado que estou na home page da Amazon.com.br" library="amazon.resources">
<kw name="Acessar a home page do site Amazon.com.br" library="amazon.resources">
<kw name="Go To" library="SeleniumLibrary">
<arg>url=${URL}</arg>
<doc>Navigates the current browser window to the provided ``url``.</doc>
<msg timestamp="20230819 11:56:46.830" level="INFO">Opening url 'https://www.amazon.com.br'</msg>
<status status="PASS" starttime="20230819 11:56:46.829" endtime="20230819 11:56:54.309"/>
</kw>
<kw name="Wait Until Element Is Visible" library="SeleniumLibrary">
<arg>locator=${MENU_ELETRONICOS}</arg>
<doc>Waits until the element ``locator`` is visible.</doc>
<msg timestamp="20230819 11:56:59.682" level="INFO" html="true">&lt;/td&gt;&lt;/tr&gt;&lt;tr&gt;&lt;td colspan="3"&gt;&lt;a href="selenium-screenshot-10.png"&gt;&lt;img src="selenium-screenshot-10.png" width="800px"&gt;&lt;/a&gt;</msg>
<msg timestamp="20230819 11:56:59.682" level="FAIL">Element '//a[@href='/Eletronicos-e-Tecnologia/b/?ie=UTF8&amp;node=16209062011&amp;ref_=nav_cs_electronics'][contains(.,'Eletrônicos')]' not visible after 5 seconds.</msg>
<status status="FAIL" starttime="20230819 11:56:54.309" endtime="20230819 11:56:59.684"/>
</kw>
<status status="FAIL" starttime="20230819 11:56:46.829" endtime="20230819 11:56:59.684"/>
</kw>
<kw name="Verificar se aparece a frase &quot;Eletrônicos e Tecnologia&quot;" library="amazon.resources">
<status status="NOT RUN" starttime="20230819 11:56:59.684" endtime="20230819 11:56:59.684"/>
</kw>
<status status="FAIL" starttime="20230819 11:56:46.829" endtime="20230819 11:56:59.684"/>
</kw>
<kw name="Quando pesquisar pelo produto &quot;Xbox Series S&quot;">
<status status="NOT RUN" starttime="20230819 11:56:59.687" endtime="20230819 11:56:59.688"/>
</kw>
<kw name="Então o título da página deve ficar &quot;Amazon.com.br : Xbox Series S&quot;">
<status status="NOT RUN" starttime="20230819 11:56:59.690" endtime="20230819 11:56:59.691"/>
</kw>
<kw name="E um produto da linha &quot;Xbox Series S&quot; deve ser mostrado na página">
<status status="NOT RUN" starttime="20230819 11:56:59.693" endtime="20230819 11:56:59.693"/>
</kw>
<kw name="Fechar o navegador" library="amazon.resources" type="TEARDOWN">
<kw name="Capture Page Screenshot" library="SeleniumLibrary">
<doc>Takes a screenshot of the current page and embeds it into a log file.</doc>
<msg timestamp="20230819 11:56:59.985" level="INFO" html="true">&lt;/td&gt;&lt;/tr&gt;&lt;tr&gt;&lt;td colspan="3"&gt;&lt;a href="selenium-screenshot-11.png"&gt;&lt;img src="selenium-screenshot-11.png" width="800px"&gt;&lt;/a&gt;</msg>
<status status="PASS" starttime="20230819 11:56:59.694" endtime="20230819 11:56:59.986"/>
</kw>
<kw name="Close Browser" library="SeleniumLibrary">
<doc>Closes the current browser.</doc>
<status status="PASS" starttime="20230819 11:56:59.986" endtime="20230819 11:57:02.286"/>
</kw>
<status status="PASS" starttime="20230819 11:56:59.694" endtime="20230819 11:57:02.286"/>
</kw>
<doc>Esse teste verifica a busca de um produto</doc>
<tag>busca</tag>
<status status="FAIL" starttime="20230819 11:56:45.500" endtime="20230819 11:57:02.287">Element '//a[@href='/Eletronicos-e-Tecnologia/b/?ie=UTF8&amp;node=16209062011&amp;ref_=nav_cs_electronics'][contains(.,'Eletrônicos')]' not visible after 5 seconds.</status>
</test>
<doc>Essa suíte testa o site da Amazon.com.br</doc>
<status status="FAIL" starttime="20230819 11:56:45.374" endtime="20230819 11:57:02.289"/>
</suite>
<statistics>
<total>
<stat pass="0" fail="1" skip="0">All Tests</stat>
</total>
<tag>
<stat pass="0" fail="1" skip="0">busca</stat>
</tag>
<suite>
<stat pass="0" fail="1" skip="0" id="s1" name="Amazon Testes Gherkin Bdd">Amazon Testes Gherkin Bdd</stat>
</suite>
</statistics>
<errors>
</errors>
</robot>
