<?xml version="1.0" encoding="UTF-8"?>
<robot generator="Robot 6.1.1 (Python 3.11.4 on win32)" generated="20230826 18:21:55.494" rpa="false" schemaversion="4">
<suite id="s1" name="Amazon Testes Gherkin" source="C:\Projetos\projectRobot\tests\features\amazon_testes_gherkin.robot">
<test id="s1-t1" name="Caso de Teste 04 - Remover Produto do Carrinho" line="42">
<kw name="Abrir o navegador" library="amazon.resources" type="SETUP">
<kw name="Open Browser" library="SeleniumLibrary">
<arg>browser=edge</arg>
<doc>Opens a new browser instance to the optional ``url``.</doc>
<msg timestamp="20230826 18:21:55.673" level="INFO">Opening browser 'edge' to base url 'None'.</msg>
<status status="PASS" starttime="20230826 18:21:55.672" endtime="20230826 18:21:57.566"/>
</kw>
<kw name="Maximize Browser Window" library="SeleniumLibrary">
<doc>Maximizes current browser window.</doc>
<status status="PASS" starttime="20230826 18:21:57.566" endtime="20230826 18:21:57.700"/>
</kw>
<status status="PASS" starttime="20230826 18:21:55.672" endtime="20230826 18:21:57.700"/>
</kw>
<kw name="Dado que estou na home page da Amazon.com.br" library="amazon.resources">
<kw name="Acessar a home page do site Amazon.com.br" library="amazon.resources">
<kw name="Go To" library="SeleniumLibrary">
<arg>url=${URL}</arg>
<doc>Navigates the current browser window to the provided ``url``.</doc>
<msg timestamp="20230826 18:21:57.702" level="INFO">Opening url 'https://www.amazon.com.br'</msg>
<status status="PASS" starttime="20230826 18:21:57.702" endtime="20230826 18:22:02.944"/>
</kw>
<kw name="Wait Until Element Is Visible" library="SeleniumLibrary">
<arg>locator=${MENU_ELETRONICOS}</arg>
<doc>Waits until the element ``locator`` is visible.</doc>
<status status="PASS" starttime="20230826 18:22:02.944" endtime="20230826 18:22:03.055"/>
</kw>
<status status="PASS" starttime="20230826 18:21:57.701" endtime="20230826 18:22:03.056"/>
</kw>
<status status="PASS" starttime="20230826 18:21:57.701" endtime="20230826 18:22:03.056"/>
</kw>
<kw name="E existe o produto &quot;Console Xbox Series S&quot; no carrinho" library="amazon.resources">
<kw name="Digitar o nome de produto &quot;Xbox Series S&quot; no campo de pesquisa" library="amazon.resources" sourcename="Digitar o nome de produto &quot;${PRODUTO}&quot; no campo de pesquisa">
<kw name="Input Text" library="SeleniumLibrary">
<arg>locator=twotabsearchtextbox</arg>
<arg>text=${PRODUTO}</arg>
<doc>Types the given ``text`` into the text field identified by ``locator``.</doc>
<msg timestamp="20230826 18:22:03.060" level="INFO">Typing text 'Xbox Series S' into text field 'twotabsearchtextbox'.</msg>
<status status="PASS" starttime="20230826 18:22:03.058" endtime="20230826 18:22:03.845"/>
</kw>
<status status="PASS" starttime="20230826 18:22:03.058" endtime="20230826 18:22:03.845"/>
</kw>
<kw name="Clicar no botão de pesquisa" library="amazon.resources">
<kw name="Click Element" library="SeleniumLibrary">
<arg>locator=nav-search-submit-button</arg>
<doc>Click the element identified by ``locator``.</doc>
<msg timestamp="20230826 18:22:03.849" level="INFO">Clicking element 'nav-search-submit-button'.</msg>
<status status="PASS" starttime="20230826 18:22:03.847" endtime="20230826 18:22:08.751"/>
</kw>
<status status="PASS" starttime="20230826 18:22:03.846" endtime="20230826 18:22:08.752"/>
</kw>
<kw name="Clicar no produto" library="amazon.resources">
<kw name="Click Element" library="SeleniumLibrary">
<arg>locator=${CLICK_PRODUTO}</arg>
<doc>Click the element identified by ``locator``.</doc>
<msg timestamp="20230826 18:22:08.754" level="INFO">Clicking element '(//span[contains(@class,'a-size-base-plus a-color-base a-text-normal')])[1]'.</msg>
<status status="PASS" starttime="20230826 18:22:08.752" endtime="20230826 18:22:16.977"/>
</kw>
<kw name="Sleep" library="BuiltIn">
<arg>${TIMEOUT}</arg>
<doc>Pauses the test executed for the given time.</doc>
<msg timestamp="20230826 18:22:19.977" level="INFO">Slept 3 seconds</msg>
<status status="PASS" starttime="20230826 18:22:16.977" endtime="20230826 18:22:19.978"/>
</kw>
<status status="PASS" starttime="20230826 18:22:08.752" endtime="20230826 18:22:19.978"/>
</kw>
<kw name="Adicionar o produto &quot;Console Xbox Series S&quot; no carrinho" library="amazon.resources">
<kw name="Click Element" library="SeleniumLibrary">
<arg>locator=${ADICIONAR_PRODUTO}</arg>
<doc>Click the element identified by ``locator``.</doc>
<msg timestamp="20230826 18:22:19.982" level="INFO">Clicking element '(//input[@title='Adicionar ao carrinho'])'.</msg>
<status status="PASS" starttime="20230826 18:22:19.979" endtime="20230826 18:22:24.250"/>
</kw>
<kw name="Sleep" library="BuiltIn">
<arg>${TIMEOUT}</arg>
<doc>Pauses the test executed for the given time.</doc>
<msg timestamp="20230826 18:22:27.250" level="INFO">Slept 3 seconds</msg>
<status status="PASS" starttime="20230826 18:22:24.250" endtime="20230826 18:22:27.250"/>
</kw>
<status status="PASS" starttime="20230826 18:22:19.978" endtime="20230826 18:22:27.250"/>
</kw>
<status status="PASS" starttime="20230826 18:22:03.057" endtime="20230826 18:22:27.250"/>
</kw>
<kw name="Quando remover o produto &quot;Console Xbox Series S&quot; do carrinho" library="amazon.resources">
<kw name="Clicar no botão de carrinho" library="amazon.resources">
<kw name="Click Element" library="SeleniumLibrary">
<arg>locator=${BOTAO_CARRINHO}</arg>
<doc>Click the element identified by ``locator``.</doc>
<msg timestamp="20230826 18:22:27.252" level="INFO">Clicking element '(//a[contains(@data-csa-c-type,'button')])'.</msg>
<status status="PASS" starttime="20230826 18:22:27.251" endtime="20230826 18:22:28.598"/>
</kw>
<kw name="Sleep" library="BuiltIn">
<arg>${TIMEOUT}</arg>
<doc>Pauses the test executed for the given time.</doc>
<msg timestamp="20230826 18:22:31.600" level="INFO">Slept 3 seconds</msg>
<status status="PASS" starttime="20230826 18:22:28.599" endtime="20230826 18:22:31.600"/>
</kw>
<status status="PASS" starttime="20230826 18:22:27.251" endtime="20230826 18:22:31.600"/>
</kw>
<kw name="Remover o produto &quot;Console Xbox Series S&quot; do carrinho" library="amazon.resources">
<kw name="Click Element" library="SeleniumLibrary">
<arg>locator=${REMOVER_PRODUTO}</arg>
<doc>Click the element identified by ``locator``.</doc>
<msg timestamp="20230826 18:22:31.600" level="INFO">Clicking element '(//input[@value='Excluir'])'.</msg>
<status status="PASS" starttime="20230826 18:22:31.600" endtime="20230826 18:22:31.798"/>
</kw>
<kw name="Sleep" library="BuiltIn">
<arg>${TIMEOUT}</arg>
<doc>Pauses the test executed for the given time.</doc>
<msg timestamp="20230826 18:22:34.798" level="INFO">Slept 3 seconds</msg>
<status status="PASS" starttime="20230826 18:22:31.798" endtime="20230826 18:22:34.798"/>
</kw>
<status status="PASS" starttime="20230826 18:22:31.600" endtime="20230826 18:22:34.798"/>
</kw>
<status status="PASS" starttime="20230826 18:22:27.251" endtime="20230826 18:22:34.798"/>
</kw>
<kw name="Então o carrinho deve ficar vazio" library="amazon.resources">
<kw name="Verificar se o carrinho fica vazio" library="amazon.resources">
<kw name="Wait Until Element Is Visible" library="SeleniumLibrary">
<arg>locator=${CARRINHO_VAZIO}</arg>
<doc>Waits until the element ``locator`` is visible.</doc>
<status status="PASS" starttime="20230826 18:22:34.798" endtime="20230826 18:22:34.837"/>
</kw>
<kw name="Sleep" library="BuiltIn">
<arg>${TIMEOUT}</arg>
<doc>Pauses the test executed for the given time.</doc>
<msg timestamp="20230826 18:22:37.837" level="INFO">Slept 3 seconds</msg>
<status status="PASS" starttime="20230826 18:22:34.837" endtime="20230826 18:22:37.837"/>
</kw>
<status status="PASS" starttime="20230826 18:22:34.798" endtime="20230826 18:22:37.837"/>
</kw>
<status status="PASS" starttime="20230826 18:22:34.798" endtime="20230826 18:22:37.837"/>
</kw>
<kw name="Fechar o navegador" library="amazon.resources" type="TEARDOWN">
<kw name="Capture Page Screenshot" library="SeleniumLibrary">
<doc>Takes a screenshot of the current page and embeds it into a log file.</doc>
<msg timestamp="20230826 18:22:38.051" level="INFO" html="true">&lt;/td&gt;&lt;/tr&gt;&lt;tr&gt;&lt;td colspan="3"&gt;&lt;a href="selenium-screenshot-88.png"&gt;&lt;img src="selenium-screenshot-88.png" width="800px"&gt;&lt;/a&gt;</msg>
<status status="PASS" starttime="20230826 18:22:37.837" endtime="20230826 18:22:38.051"/>
</kw>
<kw name="Close Browser" library="SeleniumLibrary">
<doc>Closes the current browser.</doc>
<status status="PASS" starttime="20230826 18:22:38.051" endtime="20230826 18:22:40.346"/>
</kw>
<status status="PASS" starttime="20230826 18:22:37.837" endtime="20230826 18:22:40.346"/>
</kw>
<doc>Esse teste verifica a remoção de um produto no carrinho de compras</doc>
<tag>remover_carrinho</tag>
<status status="PASS" starttime="20230826 18:21:55.671" endtime="20230826 18:22:40.346"/>
</test>
<doc>Essa suíte testa o site da Amazon.com.br</doc>
<status status="PASS" starttime="20230826 18:21:55.510" endtime="20230826 18:22:40.346"/>
</suite>
<statistics>
<total>
<stat pass="1" fail="0" skip="0">All Tests</stat>
</total>
<tag>
<stat pass="1" fail="0" skip="0">remover_carrinho</stat>
</tag>
<suite>
<stat pass="1" fail="0" skip="0" id="s1" name="Amazon Testes Gherkin">Amazon Testes Gherkin</stat>
</suite>
</statistics>
<errors>
</errors>
</robot>
