<?xml version="1.0" encoding="UTF-8"?>
<robot generator="Robot 6.1 (Python 3.11.4 on win32)" generated="20230824 19:00:02.265" rpa="false" schemaversion="4">
<suite id="s1" name="Amazon Testes" source="C:\Projetos\Treinamento\Udemy\projectRobot\tests\amazon_testes.robot">
<test id="s1-t1" name="Caso de teste 01 - Acesso ao menu &quot;Eletrônicos&quot;" line="16">
<kw name="Abrir o navegador" library="amazon.resources" type="SETUP">
<kw name="Open Browser" library="SeleniumLibrary">
<arg>browser=edge</arg>
<doc>Opens a new browser instance to the optional ``url``.</doc>
<msg timestamp="20230824 19:00:02.670" level="INFO">Opening browser 'edge' to base url 'None'.</msg>
<msg timestamp="20230824 19:00:02.691" level="INFO">Applicable driver not found; attempting to install with Selenium Manager (Beta)</msg>
<status status="PASS" starttime="20230824 19:00:02.670" endtime="20230824 19:00:05.056"/>
</kw>
<kw name="Maximize Browser Window" library="SeleniumLibrary">
<doc>Maximizes current browser window.</doc>
<status status="PASS" starttime="20230824 19:00:05.057" endtime="20230824 19:00:05.175"/>
</kw>
<status status="PASS" starttime="20230824 19:00:02.669" endtime="20230824 19:00:05.175"/>
</kw>
<kw name="Acessar a home page do site Amazon.com.br" library="amazon.resources">
<kw name="Go To" library="SeleniumLibrary">
<arg>url=${URL}</arg>
<doc>Navigates the current browser window to the provided ``url``.</doc>
<msg timestamp="20230824 19:00:05.177" level="INFO">Opening url 'https://www.amazon.com.br'</msg>
<status status="PASS" starttime="20230824 19:00:05.176" endtime="20230824 19:00:12.217"/>
</kw>
<kw name="Wait Until Element Is Visible" library="SeleniumLibrary">
<arg>locator=${MENU_ELETRONICOS}</arg>
<doc>Waits until the element ``locator`` is visible.</doc>
<msg timestamp="20230824 19:00:17.669" level="INFO" html="true">&lt;/td&gt;&lt;/tr&gt;&lt;tr&gt;&lt;td colspan="3"&gt;&lt;a href="selenium-screenshot-1.png"&gt;&lt;img src="selenium-screenshot-1.png" width="800px"&gt;&lt;/a&gt;</msg>
<msg timestamp="20230824 19:00:17.669" level="FAIL">Element '//a[@href='/Eletronicos-e-Tecnologia/b/?ie=UTF8&amp;node=16209062011&amp;ref_=nav_cs_electronics'][contains(.,'Eletrônicos')]' not visible after 5 seconds.</msg>
<status status="FAIL" starttime="20230824 19:00:12.217" endtime="20230824 19:00:17.673"/>
</kw>
<status status="FAIL" starttime="20230824 19:00:05.176" endtime="20230824 19:00:17.673"/>
</kw>
<kw name="Entrar no menu &quot;Eletrônicos&quot;" library="amazon.resources">
<status status="NOT RUN" starttime="20230824 19:00:17.674" endtime="20230824 19:00:17.674"/>
</kw>
<kw name="Verificar se aparece a frase &quot;Eletrônicos e Tecnologia&quot;" library="amazon.resources">
<status status="NOT RUN" starttime="20230824 19:00:17.674" endtime="20230824 19:00:17.674"/>
</kw>
<kw name="Verificar se o título da página fica &quot;Eletrônicos e Tecnologia | Amazon.com.br&quot;" library="amazon.resources" sourcename="Verificar se o título da página fica &quot;${TITULO}&quot;">
<status status="NOT RUN" starttime="20230824 19:00:17.675" endtime="20230824 19:00:17.675"/>
</kw>
<kw name="Verificar se aparece a categoria &quot;Computadores e Informática&quot;" library="amazon.resources" sourcename="Verificar se aparece a categoria &quot;${NOME_CATEGORIA}&quot;">
<status status="NOT RUN" starttime="20230824 19:00:17.675" endtime="20230824 19:00:17.676"/>
</kw>
<kw name="Fechar o navegador" library="amazon.resources" type="TEARDOWN">
<kw name="Capture Page Screenshot" library="SeleniumLibrary">
<doc>Takes a screenshot of the current page and embeds it into a log file.</doc>
<msg timestamp="20230824 19:00:17.964" level="INFO" html="true">&lt;/td&gt;&lt;/tr&gt;&lt;tr&gt;&lt;td colspan="3"&gt;&lt;a href="selenium-screenshot-2.png"&gt;&lt;img src="selenium-screenshot-2.png" width="800px"&gt;&lt;/a&gt;</msg>
<status status="PASS" starttime="20230824 19:00:17.676" endtime="20230824 19:00:17.964"/>
</kw>
<kw name="Close Browser" library="SeleniumLibrary">
<doc>Closes the current browser.</doc>
<status status="PASS" starttime="20230824 19:00:17.964" endtime="20230824 19:00:21.018"/>
</kw>
<status status="PASS" starttime="20230824 19:00:17.676" endtime="20230824 19:00:21.018"/>
</kw>
<doc>Esse teste verifica o menu eletrônicos do site da Amazon.com.br
e verifica a categoria Computadores e Informática</doc>
<tag>menus</tag>
<status status="FAIL" starttime="20230824 19:00:02.669" endtime="20230824 19:00:21.019">Element '//a[@href='/Eletronicos-e-Tecnologia/b/?ie=UTF8&amp;node=16209062011&amp;ref_=nav_cs_electronics'][contains(.,'Eletrônicos')]' not visible after 5 seconds.</status>
</test>
<doc>Essa suíte testa o site da Amazon.com.br</doc>
<status status="FAIL" starttime="20230824 19:00:02.273" endtime="20230824 19:00:21.021"/>
</suite>
<statistics>
<total>
<stat pass="0" fail="1" skip="0">All Tests</stat>
</total>
<tag>
<stat pass="0" fail="1" skip="0">menus</stat>
</tag>
<suite>
<stat pass="0" fail="1" skip="0" id="s1" name="Amazon Testes">Amazon Testes</stat>
</suite>
</statistics>
<errors>
</errors>
</robot>
